<?xml version="1.0" encoding="UTF-8"?>
<!-- Generated by org.testng.reporters.JUnitReportReporter -->
<testsuite hostname="LAPTOP-N9PA21EO" failures="0" tests="4" name="testcases.HandlingAlerts" time="46.469" errors="0" timestamp="2021-05-17T15:29:52 IST" skipped="0">
  <testcase classname="testcases.HandlingAlerts" name="hover_to_aletspage" time="32.518"/>
  <system-out/>
  <testcase classname="testcases.HandlingAlerts" name="handle_alertWithOK" time="10.642"/>
  <system-out/>
  <testcase classname="testcases.HandlingAlerts" name="handle_alertWithCancel" time="1.428"/>
  <system-out/>
  <testcase classname="testcases.HandlingAlerts" name="handle_alertWithPrompt" time="1.881"/>
  <system-out/>
</testsuite> <!-- testcases.HandlingAlerts -->
